<html>
<head>
<title>TestNG:  Default test</title>
<link href="../testng.css" rel="stylesheet" type="text/css" />
<link href="../my-testng.css" rel="stylesheet" type="text/css" />

<style type="text/css">
.log { display: none;} 
.stack-trace { display: none;} 
</style>
<script type="text/javascript">
<!--
function flip(e) {
  current = e.style.display;
  if (current == 'block') {
    e.style.display = 'none';
    return 0;
  }
  else {
    e.style.display = 'block';
    return 1;
  }
}

function toggleBox(szDivId, elem, msg1, msg2)
{
  var res = -1;  if (document.getElementById) {
    res = flip(document.getElementById(szDivId));
  }
  else if (document.all) {
    // this is the way old msie versions work
    res = flip(document.all[szDivId]);
  }
  if(elem) {
    if(res == 0) elem.innerHTML = msg1; else elem.innerHTML = msg2;
  }

}

function toggleAllBoxes() {
  if (document.getElementsByTagName) {
    d = document.getElementsByTagName('div');
    for (i = 0; i < d.length; i++) {
      if (d[i].className == 'log') {
        flip(d[i]);
      }
    }
  }
}

// -->
</script>

</head>
<body>
<h2 align='center'>Default test</h2><table border='1' align="center">
<tr>
<td>Tests passed/Failed/Skipped:</td><td>0/3/0</td>
</tr><tr>
<td>Started on:</td><td>Wed May 31 16:19:42 IST 2023</td>
</tr>
<tr><td>Total time:</td><td>33 seconds (33705 ms)</td>
</tr><tr>
<td>Included groups:</td><td></td>
</tr><tr>
<td>Excluded groups:</td><td></td>
</tr>
</table><p/>
<small><i>(Hover the method name to see the test class name)</i></small><p/>
<table width='100%' border='1' class='invocation-failed'>
<tr><td colspan='4' align='center'><b>FAILED TESTS</b></td></tr>
<tr><td><b>Test method</b></td>
<td width="30%"><b>Exception</b></td>
<td width="10%"><b>Time (seconds)</b></td>
<td><b>Instance</b></td>
</tr>
<tr>
<td title='com.partycity.runner.TestRunner.runScenario()'><b>runScenario</b><br>Test class: com.partycity.runner.TestRunner<br>Test method: Runs Cucumber Scenarios<br>Parameters: "Successful login with valid email and password", "Login Functionality"</td>
<td><div><pre>java.lang.AssertionError: expected [https://www.partycity.com/account?registration=false] but found [https://www.partycity.com/account-login]
	at org.testng.Assert.fail(Assert.java:99)
	at org.testng.Assert.failNotEquals(Assert.java:1037)
	at org.testng.Assert.assertEqualsImpl(Assert.java:140)
	at org.testng.Assert.assertEquals(Assert.java:122)
	at org.testng.Assert.assertEquals(Assert.java:629)
	at org.testng.Assert.assertEquals(Assert.java:639)
	at com.partycity.stepDefinition.LoginPageTestSteps.i_should_be_redirected_to_the_account_page(LoginPageTestSteps.java:65)
	at ✽.I should be redirected to the account page &quot;https://www.partycity.com/account?registration=false&quot;(file:///C:/Users/shakt/git/PartyCity/src/test/resources/feature/account-login.feature:15)
</pre></div><a href='#' onClick='toggleBox("stack-trace441451873", this, "Click to show all stack frames", "Click to hide stack frames")'>Click to show all stack frames</a>
<div class='stack-trace' id='stack-trace441451873'><pre>java.lang.AssertionError: expected [https://www.partycity.com/account?registration=false] but found [https://www.partycity.com/account-login]
	at org.testng.Assert.fail(Assert.java:99)
	at org.testng.Assert.failNotEquals(Assert.java:1037)
	at org.testng.Assert.assertEqualsImpl(Assert.java:140)
	at org.testng.Assert.assertEquals(Assert.java:122)
	at org.testng.Assert.assertEquals(Assert.java:629)
	at org.testng.Assert.assertEquals(Assert.java:639)
	at com.partycity.stepDefinition.LoginPageTestSteps.i_should_be_redirected_to_the_account_page(LoginPageTestSteps.java:65)
	at ✽.I should be redirected to the account page &quot;https://www.partycity.com/account?registration=false&quot;(file:///C:/Users/shakt/git/PartyCity/src/test/resources/feature/account-login.feature:15)
</pre></div></td>
<td>10</td>
<td>com.partycity.runner.TestRunner@4c583ecf</td></tr>
<tr>
<td title='com.partycity.runner.TestRunner.runScenario()'><b>runScenario</b><br>Test class: com.partycity.runner.TestRunner<br>Test method: Runs Cucumber Scenarios<br>Parameters: "Failed login with invalid email and password", "Login Functionality"</td>
<td><div><pre>java.lang.AssertionError: expected [We&apos;re sorry, there is an error with your email and/or password. Please try again] but found []
	at org.testng.Assert.fail(Assert.java:99)
	at org.testng.Assert.failNotEquals(Assert.java:1037)
	at org.testng.Assert.assertEqualsImpl(Assert.java:140)
	at org.testng.Assert.assertEquals(Assert.java:122)
	at org.testng.Assert.assertEquals(Assert.java:629)
	at org.testng.Assert.assertEquals(Assert.java:639)
	at com.partycity.stepDefinition.LoginPageTestSteps.i_should_see_an_error_message_indicating_the_login_failed(LoginPageTestSteps.java:45)
	at ✽.I should see an error message indicating the login failed &quot;We&apos;re sorry, there is an error with your email and/or password. Please try again&quot;(file:///C:/Users/shakt/git/PartyCity/src/test/resources/feature/account-login.feature:27)
</pre></div><a href='#' onClick='toggleBox("stack-trace1320809135", this, "Click to show all stack frames", "Click to hide stack frames")'>Click to show all stack frames</a>
<div class='stack-trace' id='stack-trace1320809135'><pre>java.lang.AssertionError: expected [We&apos;re sorry, there is an error with your email and/or password. Please try again] but found []
	at org.testng.Assert.fail(Assert.java:99)
	at org.testng.Assert.failNotEquals(Assert.java:1037)
	at org.testng.Assert.assertEqualsImpl(Assert.java:140)
	at org.testng.Assert.assertEquals(Assert.java:122)
	at org.testng.Assert.assertEquals(Assert.java:629)
	at org.testng.Assert.assertEquals(Assert.java:639)
	at com.partycity.stepDefinition.LoginPageTestSteps.i_should_see_an_error_message_indicating_the_login_failed(LoginPageTestSteps.java:45)
	at ✽.I should see an error message indicating the login failed &quot;We&apos;re sorry, there is an error with your email and/or password. Please try again&quot;(file:///C:/Users/shakt/git/PartyCity/src/test/resources/feature/account-login.feature:27)
</pre></div></td>
<td>5</td>
<td>com.partycity.runner.TestRunner@4c583ecf</td></tr>
<tr>
<td title='com.partycity.runner.TestRunner.runScenario()'><b>runScenario</b><br>Test class: com.partycity.runner.TestRunner<br>Test method: Runs Cucumber Scenarios<br>Parameters: "Successful Logout", "Login Functionality"</td>
<td><div><pre>java.lang.AssertionError: expected [https://www.partycity.com] but found [https://www.partycity.com/]
	at org.testng.Assert.fail(Assert.java:99)
	at org.testng.Assert.failNotEquals(Assert.java:1037)
	at org.testng.Assert.assertEqualsImpl(Assert.java:140)
	at org.testng.Assert.assertEquals(Assert.java:122)
	at org.testng.Assert.assertEquals(Assert.java:629)
	at org.testng.Assert.assertEquals(Assert.java:639)
	at com.partycity.stepDefinition.AccountPageTestSteps.i_should_be_logged_out_and_redirected_to_the_home_page(AccountPageTestSteps.java:43)
	at ✽.I should be logged out and redirected to the &quot;https://www.partycity.com&quot; Home page(file:///C:/Users/shakt/git/PartyCity/src/test/resources/feature/account-login.feature:20)
</pre></div><a href='#' onClick='toggleBox("stack-trace2008821270", this, "Click to show all stack frames", "Click to hide stack frames")'>Click to show all stack frames</a>
<div class='stack-trace' id='stack-trace2008821270'><pre>java.lang.AssertionError: expected [https://www.partycity.com] but found [https://www.partycity.com/]
	at org.testng.Assert.fail(Assert.java:99)
	at org.testng.Assert.failNotEquals(Assert.java:1037)
	at org.testng.Assert.assertEqualsImpl(Assert.java:140)
	at org.testng.Assert.assertEquals(Assert.java:122)
	at org.testng.Assert.assertEquals(Assert.java:629)
	at org.testng.Assert.assertEquals(Assert.java:639)
	at com.partycity.stepDefinition.AccountPageTestSteps.i_should_be_logged_out_and_redirected_to_the_home_page(AccountPageTestSteps.java:43)
	at ✽.I should be logged out and redirected to the &quot;https://www.partycity.com&quot; Home page(file:///C:/Users/shakt/git/PartyCity/src/test/resources/feature/account-login.feature:20)
</pre></div></td>
<td>10</td>
<td>com.partycity.runner.TestRunner@4c583ecf</td></tr>
</table><p>
</body>
</html>