<?xml version="1.0" encoding="UTF-8"?>
<testng-results ignored="0" total="3" passed="0" failed="3" skipped="0">
  <reporter-output>
  </reporter-output>
  <suite started-at="2023-05-31T16:19:42 IST" name="Default suite" finished-at="2023-05-31T16:20:16 IST" duration-ms="33705">
    <groups>
      <group name="cucumber">
        <method signature="AbstractTestNGCucumberTests.runScenario(io.cucumber.testng.PickleWrapper,io.cucumber.testng.FeatureWrapper)[pri:0, instance:com.partycity.runner.TestRunner@4c583ecf]" name="runScenario" class="io.cucumber.testng.AbstractTestNGCucumberTests"/>
      </group> <!-- cucumber -->
    </groups>
    <test started-at="2023-05-31T16:19:42 IST" name="Default test" finished-at="2023-05-31T16:20:16 IST" duration-ms="33705">
      <class name="com.partycity.runner.TestRunner">
        <test-method is-config="true" signature="setUp()[pri:0, instance:com.partycity.runner.TestRunner@4c583ecf]" started-at="2023-05-31T16:19:39 IST" name="setUp" finished-at="2023-05-31T16:19:42 IST" duration-ms="3725" status="PASS">
          <reporter-output>
          </reporter-output>
        </test-method> <!-- setUp -->
        <test-method is-config="true" signature="setUpClass(org.testng.ITestContext)[pri:0, instance:com.partycity.runner.TestRunner@4c583ecf]" started-at="2023-05-31T16:19:43 IST" name="setUpClass" finished-at="2023-05-31T16:19:44 IST" duration-ms="1274" status="PASS">
          <params>
            <param index="0">
              <value>
                <![CDATA[org.testng.TestRunner@44b9c7c4]]>
              </value>
            </param>
          </params>
          <reporter-output>
          </reporter-output>
        </test-method> <!-- setUpClass -->
        <test-method signature="runScenario(io.cucumber.testng.PickleWrapper,io.cucumber.testng.FeatureWrapper)[pri:0, instance:com.partycity.runner.TestRunner@4c583ecf]" started-at="2023-05-31T16:19:44 IST" name="runScenario" description="Runs Cucumber Scenarios" data-provider="scenarios" finished-at="2023-05-31T16:19:54 IST" duration-ms="10215" status="FAIL">
          <params>
            <param index="0">
              <value>
                <![CDATA["Successful login with valid email and password"]]>
              </value>
            </param>
            <param index="1">
              <value>
                <![CDATA["Login Functionality"]]>
              </value>
            </param>
          </params>
          <exception class="java.lang.AssertionError">
            <message>
              <![CDATA[expected [https://www.partycity.com/account?registration=false] but found [https://www.partycity.com/account-login]]]>
            </message>
            <full-stacktrace>
              <![CDATA[java.lang.AssertionError: expected [https://www.partycity.com/account?registration=false] but found [https://www.partycity.com/account-login]
at org.testng.Assert.fail(Assert.java:99)
at org.testng.Assert.failNotEquals(Assert.java:1037)
at org.testng.Assert.assertEqualsImpl(Assert.java:140)
at org.testng.Assert.assertEquals(Assert.java:122)
at org.testng.Assert.assertEquals(Assert.java:629)
at org.testng.Assert.assertEquals(Assert.java:639)
at com.partycity.stepDefinition.LoginPageTestSteps.i_should_be_redirected_to_the_account_page(LoginPageTestSteps.java:65)
at ✽.I should be redirected to the account page "https://www.partycity.com/account?registration=false"(file:///C:/Users/shakt/git/PartyCity/src/test/resources/feature/account-login.feature:15)
]]>
            </full-stacktrace>
          </exception> <!-- java.lang.AssertionError -->
          <reporter-output>
          </reporter-output>
        </test-method> <!-- runScenario -->
        <test-method signature="runScenario(io.cucumber.testng.PickleWrapper,io.cucumber.testng.FeatureWrapper)[pri:0, instance:com.partycity.runner.TestRunner@4c583ecf]" started-at="2023-05-31T16:19:54 IST" name="runScenario" description="Runs Cucumber Scenarios" data-provider="scenarios" finished-at="2023-05-31T16:20:05 IST" duration-ms="10706" status="FAIL">
          <params>
            <param index="0">
              <value>
                <![CDATA["Successful Logout"]]>
              </value>
            </param>
            <param index="1">
              <value>
                <![CDATA["Login Functionality"]]>
              </value>
            </param>
          </params>
          <exception class="java.lang.AssertionError">
            <message>
              <![CDATA[expected [https://www.partycity.com] but found [https://www.partycity.com/]]]>
            </message>
            <full-stacktrace>
              <![CDATA[java.lang.AssertionError: expected [https://www.partycity.com] but found [https://www.partycity.com/]
at org.testng.Assert.fail(Assert.java:99)
at org.testng.Assert.failNotEquals(Assert.java:1037)
at org.testng.Assert.assertEqualsImpl(Assert.java:140)
at org.testng.Assert.assertEquals(Assert.java:122)
at org.testng.Assert.assertEquals(Assert.java:629)
at org.testng.Assert.assertEquals(Assert.java:639)
at com.partycity.stepDefinition.AccountPageTestSteps.i_should_be_logged_out_and_redirected_to_the_home_page(AccountPageTestSteps.java:43)
at ✽.I should be logged out and redirected to the "https://www.partycity.com" Home page(file:///C:/Users/shakt/git/PartyCity/src/test/resources/feature/account-login.feature:20)
]]>
            </full-stacktrace>
          </exception> <!-- java.lang.AssertionError -->
          <reporter-output>
          </reporter-output>
        </test-method> <!-- runScenario -->
        <test-method signature="runScenario(io.cucumber.testng.PickleWrapper,io.cucumber.testng.FeatureWrapper)[pri:0, instance:com.partycity.runner.TestRunner@4c583ecf]" started-at="2023-05-31T16:20:05 IST" name="runScenario" description="Runs Cucumber Scenarios" data-provider="scenarios" finished-at="2023-05-31T16:20:10 IST" duration-ms="5623" status="FAIL">
          <params>
            <param index="0">
              <value>
                <![CDATA["Failed login with invalid email and password"]]>
              </value>
            </param>
            <param index="1">
              <value>
                <![CDATA["Login Functionality"]]>
              </value>
            </param>
          </params>
          <exception class="java.lang.AssertionError">
            <message>
              <![CDATA[expected [We're sorry, there is an error with your email and/or password. Please try again] but found []]]>
            </message>
            <full-stacktrace>
              <![CDATA[java.lang.AssertionError: expected [We're sorry, there is an error with your email and/or password. Please try again] but found []
at org.testng.Assert.fail(Assert.java:99)
at org.testng.Assert.failNotEquals(Assert.java:1037)
at org.testng.Assert.assertEqualsImpl(Assert.java:140)
at org.testng.Assert.assertEquals(Assert.java:122)
at org.testng.Assert.assertEquals(Assert.java:629)
at org.testng.Assert.assertEquals(Assert.java:639)
at com.partycity.stepDefinition.LoginPageTestSteps.i_should_see_an_error_message_indicating_the_login_failed(LoginPageTestSteps.java:45)
at ✽.I should see an error message indicating the login failed "We're sorry, there is an error with your email and/or password. Please try again"(file:///C:/Users/shakt/git/PartyCity/src/test/resources/feature/account-login.feature:27)
]]>
            </full-stacktrace>
          </exception> <!-- java.lang.AssertionError -->
          <reporter-output>
          </reporter-output>
        </test-method> <!-- runScenario -->
        <test-method is-config="true" signature="tearDown()[pri:0, instance:com.partycity.runner.TestRunner@4c583ecf]" started-at="2023-05-31T16:20:10 IST" name="tearDown" finished-at="2023-05-31T16:20:11 IST" duration-ms="496" status="PASS">
          <reporter-output>
          </reporter-output>
        </test-method> <!-- tearDown -->
        <test-method is-config="true" signature="tearDownClass()[pri:0, instance:com.partycity.runner.TestRunner@4c583ecf]" started-at="2023-05-31T16:20:11 IST" name="tearDownClass" finished-at="2023-05-31T16:20:16 IST" duration-ms="5206" status="PASS">
          <reporter-output>
          </reporter-output>
        </test-method> <!-- tearDownClass -->
      </class> <!-- com.partycity.runner.TestRunner -->
    </test> <!-- Default test -->
  </suite> <!-- Default suite -->
</testng-results>
